
> sellsnap@0.1.0 dev
> next dev --hostname 0.0.0.0

   ▲ Next.js 14.1.4
   - Local:        http://localhost:3000
   - Network:      http://0.0.0.0:3000
   - Environments: .env

 ✓ Ready in 5.1s
 ○ Compiling / ...
The user aborted a request.

Retrying 1/3...
The user aborted a request.

Retrying 1/3...
The user aborted a request.

Retrying 1/3...
The user aborted a request.

Retrying 1/3...
The user aborted a request.

Retrying 2/3...
The user aborted a request.

Retrying 3/3...
 ✓ Compiled / in 31s (504 modules)
[?25h
